Started GET "/" for ::1 at 2021-11-27 00:41:16 -0300
  [1m[35m (8.3ms)[0m  [1m[34mSELECT sqlite_version(*)[0m
Processing by Rails::WelcomeController#index as HTML
  Rendering /home/mariab/.rbenv/versions/2.7.2/lib/ruby/gems/2.7.0/gems/railties-6.1.4.1/lib/rails/templates/rails/welcome/index.html.erb
  Rendered /home/mariab/.rbenv/versions/2.7.2/lib/ruby/gems/2.7.0/gems/railties-6.1.4.1/lib/rails/templates/rails/welcome/index.html.erb (Duration: 33.8ms | Allocations: 399)
Completed 200 OK in 47ms (Views: 39.7ms | ActiveRecord: 0.0ms | Allocations: 3400)


Started GET "/favicon.ico" for ::1 at 2021-11-27 00:41:16 -0300
  
ActionController::RoutingError (No route matches [GET] "/favicon.ico"):
  
Started GET "/index" for ::1 at 2021-11-27 00:41:20 -0300
  
ActionController::RoutingError (No route matches [GET] "/index"):
  
Started GET "/api/v1" for ::1 at 2021-11-27 00:46:16 -0300
  [1m[35m (0.5ms)[0m  [1m[34mSELECT sqlite_version(*)[0m
  
ActionController::RoutingError (uninitialized constant Api):
  
Started GET "/api/v1/index" for ::1 at 2021-11-27 00:46:32 -0300
  
ActionController::RoutingError (No route matches [GET] "/api/v1/index"):
  
Started GET "/api/v1/" for ::1 at 2021-11-27 00:46:46 -0300
  
ActionController::RoutingError (uninitialized constant Api):
  
Started GET "/v1" for ::1 at 2021-11-27 00:47:37 -0300
  
Zeitwerk::NameError (expected file /home/mariab/Documents/ruby/API-Space-local/app/controllers/v1/index_controller.rb to define constant V1::IndexController, but didn't):
  
zeitwerk (2.5.1) lib/zeitwerk/loader/callbacks.rb:25:in `on_file_autoloaded'
zeitwerk (2.5.1) lib/zeitwerk/kernel.rb:28:in `block in require'
zeitwerk (2.5.1) lib/zeitwerk/kernel.rb:27:in `tap'
zeitwerk (2.5.1) lib/zeitwerk/kernel.rb:27:in `require'
activesupport (6.1.4.1) lib/active_support/inflector/methods.rb:288:in `const_get'
activesupport (6.1.4.1) lib/active_support/inflector/methods.rb:288:in `block in constantize'
activesupport (6.1.4.1) lib/active_support/inflector/methods.rb:284:in `each'
activesupport (6.1.4.1) lib/active_support/inflector/methods.rb:284:in `inject'
activesupport (6.1.4.1) lib/active_support/inflector/methods.rb:284:in `constantize'
activesupport (6.1.4.1) lib/active_support/dependencies/zeitwerk_integration.rb:19:in `constantize'
actionpack (6.1.4.1) lib/action_dispatch/http/request.rb:93:in `controller_class_for'
actionpack (6.1.4.1) lib/action_dispatch/request/utils.rb:95:in `action_encoding_template'
actionpack (6.1.4.1) lib/action_dispatch/request/utils.rb:83:in `encode'
actionpack (6.1.4.1) lib/action_dispatch/request/utils.rb:45:in `set_binary_encoding'
actionpack (6.1.4.1) lib/action_dispatch/http/parameters.rb:68:in `path_parameters='
actionpack (6.1.4.1) lib/action_dispatch/journey/router.rb:48:in `block in serve'
actionpack (6.1.4.1) lib/action_dispatch/journey/router.rb:32:in `each'
actionpack (6.1.4.1) lib/action_dispatch/journey/router.rb:32:in `serve'
actionpack (6.1.4.1) lib/action_dispatch/routing/route_set.rb:842:in `call'
rack (2.2.3) lib/rack/etag.rb:27:in `call'
rack (2.2.3) lib/rack/conditional_get.rb:27:in `call'
rack (2.2.3) lib/rack/head.rb:12:in `call'
activerecord (6.1.4.1) lib/active_record/migration.rb:601:in `call'
actionpack (6.1.4.1) lib/action_dispatch/middleware/callbacks.rb:27:in `block in call'
activesupport (6.1.4.1) lib/active_support/callbacks.rb:98:in `run_callbacks'
actionpack (6.1.4.1) lib/action_dispatch/middleware/callbacks.rb:26:in `call'
actionpack (6.1.4.1) lib/action_dispatch/middleware/executor.rb:14:in `call'
actionpack (6.1.4.1) lib/action_dispatch/middleware/actionable_exceptions.rb:18:in `call'
actionpack (6.1.4.1) lib/action_dispatch/middleware/debug_exceptions.rb:29:in `call'
actionpack (6.1.4.1) lib/action_dispatch/middleware/show_exceptions.rb:33:in `call'
railties (6.1.4.1) lib/rails/rack/logger.rb:37:in `call_app'
railties (6.1.4.1) lib/rails/rack/logger.rb:26:in `block in call'
activesupport (6.1.4.1) lib/active_support/tagged_logging.rb:99:in `block in tagged'
activesupport (6.1.4.1) lib/active_support/tagged_logging.rb:37:in `tagged'
activesupport (6.1.4.1) lib/active_support/tagged_logging.rb:99:in `tagged'
railties (6.1.4.1) lib/rails/rack/logger.rb:26:in `call'
actionpack (6.1.4.1) lib/action_dispatch/middleware/remote_ip.rb:81:in `call'
actionpack (6.1.4.1) lib/action_dispatch/middleware/request_id.rb:26:in `call'
rack (2.2.3) lib/rack/runtime.rb:22:in `call'
activesupport (6.1.4.1) lib/active_support/cache/strategy/local_cache_middleware.rb:29:in `call'
actionpack (6.1.4.1) lib/action_dispatch/middleware/executor.rb:14:in `call'
actionpack (6.1.4.1) lib/action_dispatch/middleware/static.rb:24:in `call'
rack (2.2.3) lib/rack/sendfile.rb:110:in `call'
actionpack (6.1.4.1) lib/action_dispatch/middleware/host_authorization.rb:98:in `call'
rack-cors (1.1.1) lib/rack/cors.rb:100:in `call'
railties (6.1.4.1) lib/rails/engine.rb:539:in `call'
puma (5.5.2) lib/puma/configuration.rb:249:in `call'
puma (5.5.2) lib/puma/request.rb:77:in `block in handle_request'
puma (5.5.2) lib/puma/thread_pool.rb:340:in `with_force_shutdown'
puma (5.5.2) lib/puma/request.rb:76:in `handle_request'
puma (5.5.2) lib/puma/server.rb:447:in `process_client'
puma (5.5.2) lib/puma/thread_pool.rb:147:in `block in spawn_thread'
Started GET "/v1" for ::1 at 2021-11-27 00:50:47 -0300
  [1m[35m (1.8ms)[0m  [1m[34mSELECT sqlite_version(*)[0m
  
TypeError (V1 is not a class
/home/mariab/.rbenv/versions/2.7.2/lib/ruby/gems/2.7.0/gems/zeitwerk-2.5.1/lib/zeitwerk/loader/callbacks.rb:48: previous definition of V1 was here):
  
app/controllers/v1/index_controller.rb:1:in `<main>'
Started GET "/v1" for ::1 at 2021-11-27 00:51:18 -0300
Processing by V1::IndexController#index as HTML
Completed 200 OK in 1ms (Views: 0.6ms | Allocations: 158)


Started GET "/v1" for ::1 at 2021-11-27 01:23:25 -0300
  [1m[35m (0.4ms)[0m  [1m[34mSELECT sqlite_version(*)[0m
  
ActionController::RoutingError (uninitialized constant V1::IndexController
Did you mean?  IndexError):
  
Started GET "/v1" for ::1 at 2021-11-27 01:23:50 -0300
  [1m[35m (0.4ms)[0m  [1m[34mSELECT sqlite_version(*)[0m
  
ActionController::RoutingError (uninitialized constant V1::AticlesController
Did you mean?  V1::ArticlesController):
  
Started GET "/v1" for ::1 at 2021-11-27 01:24:15 -0300
  [1m[35m (0.4ms)[0m  [1m[34mSELECT sqlite_version(*)[0m
  
SyntaxError (/home/mariab/Documents/ruby/API-Space-local/app/controllers/v1/articles_controller.rb:5: syntax error, unexpected '}', expecting =>
    render json: {articles}
                          ^
):
  
app/controllers/v1/articles_controller.rb:5: syntax error, unexpected '}', expecting =>
app/controllers/v1/articles_controller.rb:5: syntax error, unexpected '}', expecting =>
Started GET "/v1" for ::1 at 2021-11-27 01:24:40 -0300
  [1m[35m (0.9ms)[0m  [1m[34mSELECT sqlite_version(*)[0m
Processing by V1::ArticlesController#index as HTML
Completed 500 Internal Server Error in 5ms (ActiveRecord: 0.0ms | Allocations: 2832)


  
NoMethodError (undefined method `get_articles' for ClientSpaceFlightNews:Class):
  
app/controllers/v1/articles_controller.rb:3:in `index'
Started GET "/v1" for ::1 at 2021-11-27 01:25:43 -0300
Processing by V1::ArticlesController#index as HTML
Completed 200 OK in 1166ms (Views: 1.0ms | Allocations: 1226)


Started GET "/v1" for ::1 at 2021-11-27 01:28:13 -0300
Processing by V1::ArticlesController#index as HTML
Completed 200 OK in 797ms (Views: 1.5ms | Allocations: 1579)


Started GET "/v1" for ::1 at 2021-11-27 01:54:58 -0300
  [1m[35m (1.1ms)[0m  [1m[34mSELECT sqlite_version(*)[0m
Processing by V1::ArticlesController#index as HTML
Completed 200 OK in 925ms (Views: 2.4ms | ActiveRecord: 0.0ms | Allocations: 3469)


Started GET "/favicon.ico" for ::1 at 2021-11-27 01:54:59 -0300
  
ActionController::RoutingError (No route matches [GET] "/favicon.ico"):
  
Started GET "/v1/index" for ::1 at 2021-11-27 01:55:10 -0300
  
ActionController::RoutingError (No route matches [GET] "/v1/index"):
  
Started GET "/v1" for ::1 at 2021-11-27 01:55:34 -0300
Processing by V1::ArticlesController#index as HTML
Completed 200 OK in 741ms (Views: 1.5ms | ActiveRecord: 0.0ms | Allocations: 1482)


Started GET "/v1" for ::1 at 2021-11-27 02:01:48 -0300
  [1m[35m (0.7ms)[0m  [1m[34mSELECT sqlite_version(*)[0m
Processing by V1::ArticlesController#index as HTML
Completed 500 Internal Server Error in 1081ms (ActiveRecord: 0.0ms | Allocations: 3457)


  
NoMethodError (undefined method `parsed_response' for nil:NilClass):
  
app/controllers/v1/articles_controller.rb:5:in `index'
Started GET "/v1" for ::1 at 2021-11-27 02:02:20 -0300
Processing by V1::ArticlesController#index as HTML
Completed 500 Internal Server Error in 784ms (Allocations: 2610)


  
NameError (undefined local variable or method `articles' for ClientSpaceFlightNews:Class):
  
app/service/client_space_flight_news.rb:7:in `get_articles'
app/controllers/v1/articles_controller.rb:3:in `index'
Started GET "/v1" for ::1 at 2021-11-27 02:03:04 -0300
Processing by V1::ArticlesController#index as HTML
Completed 200 OK in 780ms (Views: 3.2ms | Allocations: 2571)


Started GET "/v1" for ::1 at 2021-11-27 02:03:24 -0300
Processing by V1::ArticlesController#index as HTML
Completed 200 OK in 786ms (Views: 5.1ms | Allocations: 2525)


  [1m[35m (1.2ms)[0m  [1m[35mDROP DATABASE IF EXISTS "api_space_development"[0m
  [1m[35m (0.2ms)[0m  [1m[35mDROP DATABASE IF EXISTS "api_space_test"[0m
  [1m[35m (3302.6ms)[0m  [1m[35mCREATE DATABASE "api_space_development" ENCODING = 'utf8'[0m
  [1m[35m (1639.8ms)[0m  [1m[35mCREATE DATABASE "api_space_test" ENCODING = 'utf8'[0m
